TN:
SF:src/modules/users/services/AuthenticateUserService.ts
FN:61,__decorate
FN:61,__metadata
FN:61,__param
FN:61,__awaiter
FN:61,adopt
FN:61,fulfilled
FN:61,rejected
FN:61,step
FN:61,__generator
FN:61,sent
FN:61,g.<computed>
FN:61,verb
FN:61,step
FN:61,__importDefault
FN:23,AuthenticateUserService
FN:31,AuthenticateUserService.execute
FNF:16
FNH:14
FNDA:1,__decorate
FNDA:1,__metadata
FNDA:2,__param
FNDA:3,__awaiter
FNDA:5,adopt
FNDA:5,fulfilled
FNDA:0,rejected
FNDA:6,step
FNDA:3,__generator
FNDA:5,sent
FNDA:0,g.<computed>
FNDA:9,verb
FNDA:8,step
FNDA:2,__importDefault
FNDA:3,AuthenticateUserService
FNDA:3,AuthenticateUserService.execute
DA:1,1
DA:2,1
DA:3,1
DA:4,1
DA:5,1
DA:6,1
DA:7,1
DA:8,1
DA:9,1
DA:10,1
DA:11,1
DA:12,1
DA:13,1
DA:14,1
DA:15,1
DA:16,1
DA:17,1
DA:18,1
DA:19,1
DA:20,1
DA:21,1
DA:22,1
DA:23,1
DA:24,3
DA:25,3
DA:26,3
DA:27,3
DA:28,3
DA:29,3
DA:30,1
DA:31,1
DA:32,3
DA:33,3
DA:34,3
DA:35,1
DA:36,1
DA:37,2
DA:38,2
DA:39,2
DA:40,2
DA:41,2
DA:42,3
DA:43,3
DA:44,1
DA:45,1
DA:46,1
DA:47,1
DA:48,1
DA:49,1
DA:50,1
DA:51,1
DA:52,1
DA:53,1
DA:54,1
DA:55,1
DA:56,1
DA:57,1
DA:58,3
DA:59,1
DA:60,1
DA:61,1
LF:61
LH:61
BRDA:61,0,0,1
BRDA:61,1,0,1
BRDA:61,2,0,0
BRDA:61,3,0,0
BRDA:61,4,0,0
BRDA:61,5,0,0
BRDA:61,6,0,1
BRDA:61,7,0,2
BRDA:61,8,0,2
BRDA:61,9,0,3
BRDA:61,10,0,5
BRDA:61,11,0,0
BRDA:61,12,0,3
BRDA:61,13,0,5
BRDA:61,14,0,3
BRDA:61,15,0,2
BRDA:61,16,0,6
BRDA:61,17,0,1
BRDA:61,18,0,5
BRDA:61,19,0,3
BRDA:61,20,0,5
BRDA:61,21,0,0
BRDA:61,22,0,9
BRDA:61,23,0,8
BRDA:61,24,0,8
BRDA:61,25,0,0
BRDA:61,26,0,16
BRDA:61,27,0,0
BRDA:61,28,0,0
BRDA:61,29,0,0
BRDA:61,30,0,0
BRDA:61,31,0,8
BRDA:61,32,0,8
BRDA:61,33,0,5
BRDA:61,34,0,0
BRDA:61,35,0,0
BRDA:61,36,0,3
BRDA:61,37,0,0
BRDA:61,38,0,1
BRDA:61,39,0,0
BRDA:61,40,0,0
BRDA:61,41,0,0
BRDA:61,42,0,0
BRDA:61,43,0,8
BRDA:61,44,0,6
BRDA:61,45,0,2
BRDA:61,46,0,8
BRDA:61,47,0,3
BRDA:61,48,0,2
BRDA:61,49,0,1
BRDA:61,50,0,0
BRDA:61,51,0,2
BRDA:61,52,0,0
BRDA:22,53,0,1
BRDA:23,54,0,3
BRDA:31,55,0,3
BRDA:61,56,0,3
BRDA:61,57,0,8
BRDA:32,58,0,3
BRDA:61,59,0,3
BRDA:34,60,0,1
BRDA:36,61,0,2
BRDA:61,62,0,2
BRDA:43,63,0,1
BRF:64
BRH:44
end_of_record
TN:
SF:src/modules/users/services/CreateUserService.ts
FN:43,__decorate
FN:43,__metadata
FN:43,__param
FN:43,__awaiter
FN:43,adopt
FN:43,fulfilled
FN:43,rejected
FN:43,step
FN:43,__generator
FN:43,sent
FN:43,g.<computed>
FN:43,verb
FN:43,step
FN:43,__importDefault
FN:16,CreateUserService
FN:24,CreateUserService.execute
FNF:16
FNH:14
FNDA:1,__decorate
FNDA:1,__metadata
FNDA:2,__param
FNDA:3,__awaiter
FNDA:7,adopt
FNDA:7,fulfilled
FNDA:0,rejected
FNDA:9,step
FNDA:3,__generator
FNDA:7,sent
FNDA:0,g.<computed>
FNDA:9,verb
FNDA:10,step
FNDA:1,__importDefault
FNDA:2,CreateUserService
FNDA:3,CreateUserService.execute
DA:1,1
DA:2,1
DA:3,1
DA:4,1
DA:5,1
DA:6,1
DA:7,1
DA:8,1
DA:9,1
DA:10,1
DA:11,1
DA:12,1
DA:13,1
DA:14,1
DA:15,1
DA:16,1
DA:17,2
DA:18,2
DA:19,2
DA:20,2
DA:21,2
DA:22,2
DA:23,1
DA:24,1
DA:25,3
DA:26,3
DA:27,3
DA:28,1
DA:29,1
DA:30,2
DA:31,2
DA:32,3
DA:33,3
DA:34,3
DA:35,3
DA:36,3
DA:37,3
DA:38,3
DA:39,3
DA:40,3
DA:41,1
DA:42,1
DA:43,1
LF:43
LH:43
BRDA:43,0,0,1
BRDA:43,1,0,1
BRDA:43,2,0,0
BRDA:43,3,0,0
BRDA:43,4,0,0
BRDA:43,5,0,0
BRDA:43,6,0,1
BRDA:43,7,0,2
BRDA:43,8,0,2
BRDA:43,9,0,3
BRDA:43,10,0,7
BRDA:43,11,0,0
BRDA:43,12,0,3
BRDA:43,13,0,7
BRDA:43,14,0,6
BRDA:43,15,0,1
BRDA:43,16,0,9
BRDA:43,17,0,2
BRDA:43,18,0,7
BRDA:43,19,0,3
BRDA:43,20,0,7
BRDA:43,21,0,0
BRDA:43,22,0,9
BRDA:43,23,0,10
BRDA:43,24,0,10
BRDA:43,25,0,0
BRDA:43,26,0,20
BRDA:43,27,0,0
BRDA:43,28,0,0
BRDA:43,29,0,0
BRDA:43,30,0,0
BRDA:43,31,0,10
BRDA:43,32,0,10
BRDA:43,33,0,7
BRDA:43,34,0,0
BRDA:43,35,0,0
BRDA:43,36,0,3
BRDA:43,37,0,0
BRDA:43,38,0,2
BRDA:43,39,0,0
BRDA:43,40,0,0
BRDA:43,41,0,0
BRDA:43,42,0,0
BRDA:43,43,0,10
BRDA:43,44,0,9
BRDA:43,45,0,1
BRDA:43,46,0,10
BRDA:43,47,0,3
BRDA:43,48,0,1
BRDA:43,49,0,2
BRDA:43,50,0,0
BRDA:43,51,0,1
BRDA:43,52,0,0
BRDA:15,53,0,1
BRDA:16,54,0,2
BRDA:24,55,0,3
BRDA:43,56,0,3
BRDA:43,57,0,10
BRDA:25,58,0,3
BRDA:43,59,0,3
BRDA:27,60,0,1
BRDA:29,61,0,2
BRDA:43,62,0,2
BRDA:43,63,0,2
BRF:64
BRH:44
end_of_record
TN:
SF:src/modules/users/services/ResetPasswordService.ts
FN:63,__decorate
FN:63,__metadata
FN:63,__param
FN:63,__awaiter
FN:63,adopt
FN:63,fulfilled
FN:63,rejected
FN:63,step
FN:63,__generator
FN:63,sent
FN:63,g.<computed>
FN:63,verb
FN:63,step
FN:63,__importDefault
FN:16,ResetPasswordService
FN:27,ResetPasswordService.execute
FNF:16
FNH:14
FNDA:1,__decorate
FNDA:1,__metadata
FNDA:3,__param
FNDA:5,__awaiter
FNDA:12,adopt
FNDA:12,fulfilled
FNDA:0,rejected
FNDA:13,step
FNDA:5,__generator
FNDA:12,sent
FNDA:0,g.<computed>
FNDA:15,verb
FNDA:17,step
FNDA:1,__importDefault
FNDA:5,ResetPasswordService
FNDA:5,ResetPasswordService.execute
DA:1,1
DA:2,1
DA:3,1
DA:4,1
DA:5,1
DA:6,1
DA:7,1
DA:8,1
DA:9,1
DA:10,1
DA:11,1
DA:12,1
DA:13,1
DA:14,1
DA:15,1
DA:16,1
DA:17,5
DA:18,5
DA:19,5
DA:20,5
DA:21,5
DA:22,5
DA:23,5
DA:24,5
DA:25,5
DA:26,1
DA:27,1
DA:28,5
DA:29,5
DA:30,5
DA:31,1
DA:32,1
DA:33,4
DA:34,5
DA:35,1
DA:36,1
DA:37,3
DA:38,3
DA:39,5
DA:40,5
DA:41,1
DA:42,1
DA:43,2
DA:44,2
DA:45,2
DA:46,2
DA:47,2
DA:48,2
DA:49,1
DA:50,1
DA:51,5
DA:52,5
DA:53,5
DA:54,5
DA:55,5
DA:56,5
DA:57,5
DA:58,5
DA:59,5
DA:60,5
DA:61,5
DA:62,1
DA:63,1
LF:63
LH:63
BRDA:63,0,0,1
BRDA:63,1,0,1
BRDA:63,2,0,0
BRDA:63,3,0,0
BRDA:63,4,0,0
BRDA:63,5,0,0
BRDA:63,6,0,1
BRDA:63,7,0,3
BRDA:63,8,0,3
BRDA:63,9,0,5
BRDA:63,10,0,12
BRDA:63,11,0,0
BRDA:63,12,0,5
BRDA:63,13,0,12
BRDA:63,14,0,8
BRDA:63,15,0,4
BRDA:63,16,0,13
BRDA:63,17,0,1
BRDA:63,18,0,12
BRDA:63,19,0,5
BRDA:63,20,0,12
BRDA:63,21,0,0
BRDA:63,22,0,15
BRDA:63,23,0,17
BRDA:63,24,0,17
BRDA:63,25,0,0
BRDA:63,26,0,35
BRDA:63,27,0,0
BRDA:63,28,0,0
BRDA:63,29,0,0
BRDA:63,30,0,0
BRDA:63,31,0,17
BRDA:63,32,0,17
BRDA:63,33,0,12
BRDA:63,34,0,0
BRDA:63,35,0,0
BRDA:63,36,0,6
BRDA:63,37,0,0
BRDA:63,38,0,2
BRDA:63,39,0,5
BRDA:63,40,0,1
BRDA:63,41,0,0
BRDA:63,42,0,1
BRDA:63,43,0,0
BRDA:63,44,0,0
BRDA:63,45,0,0
BRDA:63,46,0,18
BRDA:63,47,0,14
BRDA:63,48,0,4
BRDA:63,49,0,18
BRDA:63,50,0,5
BRDA:63,51,0,4
BRDA:63,52,0,1
BRDA:63,53,0,0
BRDA:63,54,0,1
BRDA:63,55,0,0
BRDA:15,56,0,1
BRDA:16,57,0,5
BRDA:27,58,0,5
BRDA:63,59,0,5
BRDA:63,60,0,18
BRDA:28,61,0,5
BRDA:63,62,0,5
BRDA:30,63,0,1
BRDA:32,64,0,4
BRDA:34,65,0,1
BRDA:36,66,0,3
BRDA:63,67,0,3
BRDA:40,68,0,1
BRDA:42,69,0,2
BRDA:48,70,0,1
BRDA:63,71,0,1
BRDA:63,72,0,1
BRDA:63,73,0,1
BRDA:63,74,0,1
BRDA:63,75,0,1
BRF:76
BRH:56
end_of_record
TN:
SF:src/modules/users/services/SendForgotPasswordEmailService.ts
FN:65,__decorate
FN:65,__metadata
FN:65,__param
FN:65,__awaiter
FN:65,adopt
FN:65,fulfilled
FN:65,rejected
FN:65,step
FN:65,__generator
FN:65,sent
FN:65,g.<computed>
FN:65,verb
FN:65,step
FN:65,__importDefault
FN:16,SendForgotPasswordEmailService
FN:27,SendForgotPasswordEmailService.execute
FNF:16
FNH:14
FNDA:1,__decorate
FNDA:1,__metadata
FNDA:3,__param
FNDA:3,__awaiter
FNDA:7,adopt
FNDA:7,fulfilled
FNDA:0,rejected
FNDA:9,step
FNDA:3,__generator
FNDA:7,sent
FNDA:0,g.<computed>
FNDA:9,verb
FNDA:10,step
FNDA:2,__importDefault
FNDA:3,SendForgotPasswordEmailService
FNDA:3,SendForgotPasswordEmailService.execute
DA:1,1
DA:2,1
DA:3,1
DA:4,1
DA:5,1
DA:6,1
DA:7,1
DA:8,1
DA:9,1
DA:10,1
DA:11,1
DA:12,1
DA:13,1
DA:14,1
DA:15,1
DA:16,1
DA:17,3
DA:18,3
DA:19,3
DA:20,3
DA:21,3
DA:22,3
DA:23,3
DA:24,3
DA:25,3
DA:26,1
DA:27,1
DA:28,3
DA:29,3
DA:30,3
DA:31,1
DA:32,1
DA:33,2
DA:34,2
DA:35,3
DA:36,3
DA:37,3
DA:38,3
DA:39,3
DA:40,3
DA:41,3
DA:42,3
DA:43,3
DA:44,3
DA:45,3
DA:46,3
DA:47,3
DA:48,3
DA:49,3
DA:50,3
DA:51,3
DA:52,3
DA:53,3
DA:54,3
DA:55,3
DA:56,3
DA:57,3
DA:58,3
DA:59,3
DA:60,3
DA:61,3
DA:62,3
DA:63,1
DA:64,1
DA:65,1
LF:65
LH:65
BRDA:65,0,0,1
BRDA:65,1,0,1
BRDA:65,2,0,0
BRDA:65,3,0,0
BRDA:65,4,0,0
BRDA:65,5,0,0
BRDA:65,6,0,1
BRDA:65,7,0,3
BRDA:65,8,0,3
BRDA:65,9,0,3
BRDA:65,10,0,7
BRDA:65,11,0,0
BRDA:65,12,0,3
BRDA:65,13,0,7
BRDA:65,14,0,6
BRDA:65,15,0,1
BRDA:65,16,0,9
BRDA:65,17,0,2
BRDA:65,18,0,7
BRDA:65,19,0,3
BRDA:65,20,0,7
BRDA:65,21,0,0
BRDA:65,22,0,9
BRDA:65,23,0,10
BRDA:65,24,0,10
BRDA:65,25,0,0
BRDA:65,26,0,20
BRDA:65,27,0,0
BRDA:65,28,0,0
BRDA:65,29,0,0
BRDA:65,30,0,0
BRDA:65,31,0,10
BRDA:65,32,0,10
BRDA:65,33,0,7
BRDA:65,34,0,0
BRDA:65,35,0,0
BRDA:65,36,0,3
BRDA:65,37,0,0
BRDA:65,38,0,2
BRDA:65,39,0,0
BRDA:65,40,0,0
BRDA:65,41,0,0
BRDA:65,42,0,0
BRDA:65,43,0,10
BRDA:65,44,0,9
BRDA:65,45,0,1
BRDA:65,46,0,10
BRDA:65,47,0,3
BRDA:65,48,0,1
BRDA:65,49,0,2
BRDA:65,50,0,0
BRDA:65,51,0,2
BRDA:65,52,0,1
BRDA:65,53,0,1
BRDA:15,54,0,1
BRDA:16,55,0,3
BRDA:27,56,0,3
BRDA:65,57,0,3
BRDA:65,58,0,10
BRDA:28,59,0,3
BRDA:65,60,0,3
BRDA:30,61,0,1
BRDA:32,62,0,2
BRDA:65,63,0,2
BRDA:65,64,0,2
BRF:65
BRH:46
end_of_record
TN:
SF:src/modules/users/services/ShowProfileService.ts
FN:28,__decorate
FN:28,__metadata
FN:28,__param
FN:28,__awaiter
FN:28,adopt
FN:28,fulfilled
FN:28,rejected
FN:28,step
FN:28,__generator
FN:28,sent
FN:28,g.<computed>
FN:28,verb
FN:28,step
FN:28,__importDefault
FN:12,ShowProfileService
FN:17,ShowProfileService.execute
FNF:16
FNH:14
FNDA:1,__decorate
FNDA:1,__metadata
FNDA:1,__param
FNDA:2,__awaiter
FNDA:2,adopt
FNDA:2,fulfilled
FNDA:0,rejected
FNDA:3,step
FNDA:2,__generator
FNDA:2,sent
FNDA:0,g.<computed>
FNDA:6,verb
FNDA:4,step
FNDA:1,__importDefault
FNDA:2,ShowProfileService
FNDA:2,ShowProfileService.execute
DA:1,1
DA:2,1
DA:3,1
DA:4,1
DA:5,1
DA:6,1
DA:7,1
DA:8,1
DA:9,1
DA:10,1
DA:11,1
DA:12,1
DA:13,2
DA:14,2
DA:15,2
DA:16,1
DA:17,1
DA:18,2
DA:19,2
DA:20,2
DA:21,1
DA:22,1
DA:23,1
DA:24,1
DA:25,2
DA:26,1
DA:27,1
DA:28,1
LF:28
LH:28
BRDA:28,0,0,1
BRDA:28,1,0,1
BRDA:28,2,0,0
BRDA:28,3,0,0
BRDA:28,4,0,0
BRDA:28,5,0,0
BRDA:28,6,0,1
BRDA:28,7,0,1
BRDA:28,8,0,1
BRDA:28,9,0,2
BRDA:28,10,0,2
BRDA:28,11,0,0
BRDA:28,12,0,2
BRDA:28,13,0,2
BRDA:28,14,0,1
BRDA:28,15,0,3
BRDA:28,16,0,1
BRDA:28,17,0,2
BRDA:28,18,0,2
BRDA:28,19,0,2
BRDA:28,20,0,0
BRDA:28,21,0,6
BRDA:28,22,0,4
BRDA:28,23,0,4
BRDA:28,24,0,0
BRDA:28,25,0,8
BRDA:28,26,0,0
BRDA:28,27,0,0
BRDA:28,28,0,0
BRDA:28,29,0,0
BRDA:28,30,0,4
BRDA:28,31,0,4
BRDA:28,32,0,2
BRDA:28,33,0,0
BRDA:28,34,0,0
BRDA:28,35,0,2
BRDA:28,36,0,0
BRDA:28,37,0,1
BRDA:28,38,0,0
BRDA:28,39,0,0
BRDA:28,40,0,0
BRDA:28,41,0,0
BRDA:28,42,0,4
BRDA:28,43,0,3
BRDA:28,44,0,1
BRDA:28,45,0,4
BRDA:28,46,0,2
BRDA:28,47,0,1
BRDA:28,48,0,0
BRDA:28,49,0,1
BRDA:28,50,0,0
BRDA:11,51,0,1
BRDA:12,52,0,2
BRDA:17,53,0,2
BRDA:28,54,0,2
BRDA:28,55,0,4
BRDA:18,56,0,2
BRDA:28,57,0,2
BRDA:20,58,0,1
BRF:59
BRH:39
end_of_record
TN:
SF:src/modules/users/services/UpdateUserAvatarService.ts
FN:43,__decorate
FN:43,__metadata
FN:43,__param
FN:43,__awaiter
FN:43,adopt
FN:43,fulfilled
FN:43,rejected
FN:43,step
FN:43,__generator
FN:43,sent
FN:43,g.<computed>
FN:43,verb
FN:43,step
FN:43,__importDefault
FN:14,UpdateUserAvatarService
FN:22,UpdateUserAvatarService.execute
FNF:16
FNH:14
FNDA:1,__decorate
FNDA:1,__metadata
FNDA:2,__param
FNDA:4,__awaiter
FNDA:11,adopt
FNDA:11,fulfilled
FNDA:0,rejected
FNDA:14,step
FNDA:4,__generator
FNDA:11,sent
FNDA:0,g.<computed>
FNDA:12,verb
FNDA:15,step
FNDA:1,__importDefault
FNDA:3,UpdateUserAvatarService
FNDA:4,UpdateUserAvatarService.execute
DA:1,1
DA:2,1
DA:3,1
DA:4,1
DA:5,1
DA:6,1
DA:7,1
DA:8,1
DA:9,1
DA:10,1
DA:11,1
DA:12,1
DA:13,1
DA:14,1
DA:15,3
DA:16,3
DA:17,3
DA:18,3
DA:19,3
DA:20,3
DA:21,1
DA:22,1
DA:23,4
DA:24,4
DA:25,4
DA:26,1
DA:27,1
DA:28,3
DA:29,3
DA:30,1
DA:31,4
DA:32,4
DA:33,4
DA:34,4
DA:35,4
DA:36,4
DA:37,4
DA:38,4
DA:39,4
DA:40,4
DA:41,1
DA:42,1
DA:43,1
LF:43
LH:43
BRDA:43,0,0,1
BRDA:43,1,0,1
BRDA:43,2,0,0
BRDA:43,3,0,0
BRDA:43,4,0,0
BRDA:43,5,0,0
BRDA:43,6,0,1
BRDA:43,7,0,2
BRDA:43,8,0,2
BRDA:43,9,0,4
BRDA:43,10,0,11
BRDA:43,11,0,0
BRDA:43,12,0,4
BRDA:43,13,0,11
BRDA:43,14,0,10
BRDA:43,15,0,1
BRDA:43,16,0,14
BRDA:43,17,0,3
BRDA:43,18,0,11
BRDA:43,19,0,4
BRDA:43,20,0,11
BRDA:43,21,0,0
BRDA:43,22,0,12
BRDA:43,23,0,15
BRDA:43,24,0,15
BRDA:43,25,0,0
BRDA:43,26,0,32
BRDA:43,27,0,0
BRDA:43,28,0,0
BRDA:43,29,0,0
BRDA:43,30,0,0
BRDA:43,31,0,15
BRDA:43,32,0,15
BRDA:43,33,0,11
BRDA:43,34,0,0
BRDA:43,35,0,0
BRDA:43,36,0,6
BRDA:43,37,0,0
BRDA:43,38,0,5
BRDA:43,39,0,4
BRDA:43,40,0,2
BRDA:43,41,0,0
BRDA:43,42,0,2
BRDA:43,43,0,0
BRDA:43,44,0,0
BRDA:43,45,0,0
BRDA:43,46,0,17
BRDA:43,47,0,16
BRDA:43,48,0,1
BRDA:43,49,0,17
BRDA:43,50,0,4
BRDA:43,51,0,1
BRDA:43,52,0,3
BRDA:43,53,0,0
BRDA:43,54,0,1
BRDA:43,55,0,0
BRDA:13,56,0,1
BRDA:14,57,0,3
BRDA:22,58,0,4
BRDA:43,59,0,4
BRDA:43,60,0,17
BRDA:23,61,0,4
BRDA:43,62,0,4
BRDA:25,63,0,1
BRDA:27,64,0,3
BRDA:29,65,0,2
BRDA:29,66,0,1
BRDA:43,67,0,1
BRDA:33,68,0,3
BRDA:43,69,0,3
BRDA:43,70,0,3
BRF:71
BRH:51
end_of_record
TN:
SF:src/modules/users/services/UpdateUserProfileService.ts
FN:73,__decorate
FN:73,__metadata
FN:73,__param
FN:73,__awaiter
FN:73,adopt
FN:73,fulfilled
FN:73,rejected
FN:73,step
FN:73,__generator
FN:73,sent
FN:73,g.<computed>
FN:73,verb
FN:73,step
FN:73,__importDefault
FN:17,UpdateProfileService
FN:24,UpdateProfileService.execute
FNF:16
FNH:14
FNDA:1,__decorate
FNDA:1,__metadata
FNDA:2,__param
FNDA:6,__awaiter
FNDA:16,adopt
FNDA:16,fulfilled
FNDA:0,rejected
FNDA:18,step
FNDA:6,__generator
FNDA:16,sent
FNDA:0,g.<computed>
FNDA:18,verb
FNDA:22,step
FNDA:1,__importDefault
FNDA:6,UpdateProfileService
FNDA:6,UpdateProfileService.execute
DA:1,1
DA:2,1
DA:3,1
DA:4,1
DA:5,1
DA:6,1
DA:7,1
DA:8,1
DA:9,1
DA:10,1
DA:11,1
DA:12,1
DA:13,1
DA:14,1
DA:15,1
DA:16,1
DA:17,1
DA:18,6
DA:19,6
DA:20,6
DA:21,6
DA:22,6
DA:23,1
DA:24,1
DA:25,6
DA:26,6
DA:27,6
DA:28,6
DA:29,6
DA:30,6
DA:31,6
DA:32,6
DA:33,6
DA:34,1
DA:35,1
DA:36,5
DA:37,5
DA:38,6
DA:39,6
DA:40,1
DA:41,1
DA:42,4
DA:43,6
DA:44,1
DA:45,1
DA:46,1
DA:47,1
DA:48,3
DA:49,6
DA:50,2
DA:51,2
DA:52,2
DA:53,2
DA:54,6
DA:55,6
DA:56,6
DA:57,6
DA:58,6
DA:59,6
DA:60,6
DA:61,1
DA:62,6
DA:63,6
DA:64,6
DA:65,6
DA:66,6
DA:67,6
DA:68,6
DA:69,6
DA:70,6
DA:71,1
DA:72,1
DA:73,1
LF:73
LH:73
BRDA:73,0,0,1
BRDA:73,1,0,1
BRDA:73,2,0,0
BRDA:73,3,0,0
BRDA:73,4,0,0
BRDA:73,5,0,0
BRDA:73,6,0,1
BRDA:73,7,0,2
BRDA:73,8,0,2
BRDA:73,9,0,6
BRDA:73,10,0,16
BRDA:73,11,0,0
BRDA:73,12,0,6
BRDA:73,13,0,16
BRDA:73,14,0,12
BRDA:73,15,0,4
BRDA:73,16,0,18
BRDA:73,17,0,2
BRDA:73,18,0,16
BRDA:73,19,0,6
BRDA:73,20,0,16
BRDA:73,21,0,0
BRDA:73,22,0,18
BRDA:73,23,0,22
BRDA:73,24,0,22
BRDA:73,25,0,0
BRDA:73,26,0,46
BRDA:73,27,0,0
BRDA:73,28,0,0
BRDA:73,29,0,0
BRDA:73,30,0,0
BRDA:73,31,0,22
BRDA:73,32,0,22
BRDA:73,33,0,16
BRDA:73,34,0,0
BRDA:73,35,0,0
BRDA:73,36,0,8
BRDA:73,37,0,0
BRDA:73,38,0,4
BRDA:73,39,0,6
BRDA:73,40,0,2
BRDA:73,41,0,0
BRDA:73,42,0,2
BRDA:73,43,0,0
BRDA:73,44,0,0
BRDA:73,45,0,0
BRDA:73,46,0,24
BRDA:73,47,0,20
BRDA:73,48,0,4
BRDA:73,49,0,24
BRDA:73,50,0,6
BRDA:73,51,0,4
BRDA:73,52,0,2
BRDA:73,53,0,0
BRDA:73,54,0,1
BRDA:73,55,0,0
BRDA:16,56,0,1
BRDA:17,57,0,6
BRDA:24,58,0,6
BRDA:73,59,0,6
BRDA:73,60,0,24
BRDA:31,61,0,6
BRDA:73,62,0,6
BRDA:33,63,0,1
BRDA:35,64,0,5
BRDA:73,65,0,5
BRDA:39,66,0,4
BRDA:39,67,0,1
BRDA:41,68,0,4
BRDA:43,69,0,3
BRDA:43,70,0,1
BRDA:47,71,0,3
BRDA:49,72,0,2
BRDA:49,73,0,1
BRDA:49,74,0,2
BRDA:73,75,0,2
BRDA:73,76,0,1
BRDA:73,77,0,2
BRDA:60,78,0,1
BRDA:73,79,0,1
BRDA:73,80,0,2
BRDA:73,81,0,2
BRF:82
BRH:62
end_of_record
TN:
SF:src/modules/videos/services/CreateVideoService.ts
FN:34,__decorate
FN:34,__metadata
FN:34,__param
FN:34,__awaiter
FN:34,adopt
FN:34,fulfilled
FN:34,rejected
FN:34,step
FN:34,__generator
FN:34,sent
FN:34,g.<computed>
FN:34,verb
FN:34,step
FN:34,__importDefault
FN:14,CreateVideoService
FN:21,CreateVideoService.execute
FNF:16
FNH:14
FNDA:1,__decorate
FNDA:1,__metadata
FNDA:2,__param
FNDA:2,__awaiter
FNDA:3,adopt
FNDA:3,fulfilled
FNDA:0,rejected
FNDA:4,step
FNDA:2,__generator
FNDA:3,sent
FNDA:0,g.<computed>
FNDA:6,verb
FNDA:5,step
FNDA:1,__importDefault
FNDA:2,CreateVideoService
FNDA:2,CreateVideoService.execute
DA:1,1
DA:2,1
DA:3,1
DA:4,1
DA:5,1
DA:6,1
DA:7,1
DA:8,1
DA:9,1
DA:10,1
DA:11,1
DA:12,1
DA:13,1
DA:14,1
DA:15,2
DA:16,2
DA:17,2
DA:18,2
DA:19,2
DA:20,1
DA:21,1
DA:22,2
DA:23,2
DA:24,2
DA:25,1
DA:26,1
DA:27,1
DA:28,1
DA:29,2
DA:30,2
DA:31,2
DA:32,1
DA:33,1
DA:34,1
LF:34
LH:34
BRDA:34,0,0,1
BRDA:34,1,0,1
BRDA:34,2,0,0
BRDA:34,3,0,0
BRDA:34,4,0,0
BRDA:34,5,0,0
BRDA:34,6,0,1
BRDA:34,7,0,2
BRDA:34,8,0,2
BRDA:34,9,0,2
BRDA:34,10,0,3
BRDA:34,11,0,0
BRDA:34,12,0,2
BRDA:34,13,0,3
BRDA:34,14,0,2
BRDA:34,15,0,1
BRDA:34,16,0,4
BRDA:34,17,0,1
BRDA:34,18,0,3
BRDA:34,19,0,2
BRDA:34,20,0,3
BRDA:34,21,0,0
BRDA:34,22,0,6
BRDA:34,23,0,5
BRDA:34,24,0,5
BRDA:34,25,0,0
BRDA:34,26,0,10
BRDA:34,27,0,0
BRDA:34,28,0,0
BRDA:34,29,0,0
BRDA:34,30,0,0
BRDA:34,31,0,5
BRDA:34,32,0,5
BRDA:34,33,0,3
BRDA:34,34,0,0
BRDA:34,35,0,0
BRDA:34,36,0,2
BRDA:34,37,0,0
BRDA:34,38,0,1
BRDA:34,39,0,0
BRDA:34,40,0,0
BRDA:34,41,0,0
BRDA:34,42,0,0
BRDA:34,43,0,5
BRDA:34,44,0,4
BRDA:34,45,0,1
BRDA:34,46,0,5
BRDA:34,47,0,2
BRDA:34,48,0,1
BRDA:34,49,0,0
BRDA:34,50,0,1
BRDA:34,51,0,0
BRDA:13,52,0,1
BRDA:14,53,0,2
BRDA:21,54,0,2
BRDA:34,55,0,2
BRDA:34,56,0,5
BRDA:22,57,0,2
BRDA:34,58,0,2
BRDA:24,59,0,1
BRDA:34,60,0,1
BRF:61
BRH:41
end_of_record
TN:
SF:src/modules/videos/services/CreateVideoTagService.ts
FN:38,__decorate
FN:38,__metadata
FN:38,__param
FN:38,__awaiter
FN:38,adopt
FN:38,fulfilled
FN:38,rejected
FN:38,step
FN:38,__generator
FN:38,sent
FN:38,g.<computed>
FN:38,verb
FN:38,step
FN:38,__spreadArrays
FN:38,__importDefault
FN:8,CreateVideoTagService
FN:13,CreateVideoTagService.execute
FNF:17
FNH:15
FNDA:1,__decorate
FNDA:1,__metadata
FNDA:1,__param
FNDA:1,__awaiter
FNDA:2,adopt
FNDA:2,fulfilled
FNDA:0,rejected
FNDA:3,step
FNDA:1,__generator
FNDA:2,sent
FNDA:0,g.<computed>
FNDA:3,verb
FNDA:3,step
FNDA:1,__spreadArrays
FNDA:1,__importDefault
FNDA:1,CreateVideoTagService
FNDA:1,CreateVideoTagService.execute
DA:1,1
DA:2,1
DA:3,1
DA:4,1
DA:5,1
DA:6,1
DA:7,1
DA:8,1
DA:9,1
DA:10,1
DA:11,1
DA:12,1
DA:13,1
DA:14,1
DA:15,1
DA:16,1
DA:17,1
DA:18,1
DA:19,1
DA:20,9
DA:21,1
DA:22,1
DA:23,1
DA:24,1
DA:25,1
DA:26,1
DA:27,1
DA:28,1
DA:29,1
DA:30,1
DA:31,1
DA:32,1
DA:33,1
DA:34,1
DA:35,1
DA:36,1
DA:37,1
DA:38,1
LF:38
LH:38
BRDA:38,0,0,1
BRDA:38,1,0,1
BRDA:38,2,0,0
BRDA:38,3,0,0
BRDA:38,4,0,0
BRDA:38,5,0,0
BRDA:38,6,0,1
BRDA:38,7,0,1
BRDA:38,8,0,1
BRDA:38,9,0,1
BRDA:38,10,0,2
BRDA:38,11,0,0
BRDA:38,12,0,1
BRDA:38,13,0,2
BRDA:38,14,0,0
BRDA:38,15,0,3
BRDA:38,16,0,1
BRDA:38,17,0,2
BRDA:38,18,0,1
BRDA:38,19,0,2
BRDA:38,20,0,0
BRDA:38,21,0,3
BRDA:38,22,0,3
BRDA:38,23,0,3
BRDA:38,24,0,0
BRDA:38,25,0,7
BRDA:38,26,0,0
BRDA:38,27,0,0
BRDA:38,28,0,0
BRDA:38,29,0,0
BRDA:38,30,0,3
BRDA:38,31,0,3
BRDA:38,32,0,2
BRDA:38,33,0,0
BRDA:38,34,0,0
BRDA:38,35,0,2
BRDA:38,36,0,0
BRDA:38,37,0,1
BRDA:38,38,0,0
BRDA:38,39,0,1
BRDA:38,40,0,0
BRDA:38,41,0,0
BRDA:38,42,0,0
BRDA:38,43,0,4
BRDA:38,44,0,0
BRDA:38,45,0,4
BRDA:38,46,0,1
BRDA:38,47,0,0
BRDA:38,48,0,1
BRDA:38,49,0,0
BRDA:38,50,0,1
BRDA:38,51,0,2
BRDA:38,52,0,2
BRDA:38,53,0,9
BRDA:38,54,0,1
BRDA:38,55,0,0
BRDA:7,56,0,1
BRDA:8,57,0,1
BRDA:13,58,0,1
BRDA:38,59,0,1
BRDA:38,60,0,4
BRDA:38,61,0,1
BRDA:38,62,0,1
BRDA:25,63,0,0
BRDA:38,64,0,1
BRDA:38,65,0,0
BRDA:38,66,0,0
BRDA:38,67,0,1
BRDA:19,68,0,9
BRF:69
BRH:43
end_of_record
TN:
SF:src/modules/videos/services/DeleteVideoService.ts
FN:39,__decorate
FN:39,__metadata
FN:39,__param
FN:39,__awaiter
FN:39,adopt
FN:39,fulfilled
FN:39,rejected
FN:39,step
FN:39,__generator
FN:39,sent
FN:39,g.<computed>
FN:39,verb
FN:39,step
FN:39,__importDefault
FN:14,DeleteVideoService
FN:21,DeleteVideoService.execute
FNF:16
FNH:14
FNDA:1,__decorate
FNDA:1,__metadata
FNDA:2,__param
FNDA:4,__awaiter
FNDA:7,adopt
FNDA:7,fulfilled
FNDA:0,rejected
FNDA:9,step
FNDA:4,__generator
FNDA:7,sent
FNDA:0,g.<computed>
FNDA:12,verb
FNDA:11,step
FNDA:1,__importDefault
FNDA:4,DeleteVideoService
FNDA:4,DeleteVideoService.execute
DA:1,1
DA:2,1
DA:3,1
DA:4,1
DA:5,1
DA:6,1
DA:7,1
DA:8,1
DA:9,1
DA:10,1
DA:11,1
DA:12,1
DA:13,1
DA:14,1
DA:15,4
DA:16,4
DA:17,4
DA:18,4
DA:19,4
DA:20,1
DA:21,1
DA:22,4
DA:23,4
DA:24,4
DA:25,1
DA:26,1
DA:27,3
DA:28,4
DA:29,1
DA:30,1
DA:31,2
DA:32,2
DA:33,1
DA:34,4
DA:35,4
DA:36,4
DA:37,4
DA:38,1
DA:39,1
LF:39
LH:39
BRDA:39,0,0,1
BRDA:39,1,0,1
BRDA:39,2,0,0
BRDA:39,3,0,0
BRDA:39,4,0,0
BRDA:39,5,0,0
BRDA:39,6,0,1
BRDA:39,7,0,2
BRDA:39,8,0,2
BRDA:39,9,0,4
BRDA:39,10,0,7
BRDA:39,11,0,0
BRDA:39,12,0,4
BRDA:39,13,0,7
BRDA:39,14,0,5
BRDA:39,15,0,2
BRDA:39,16,0,9
BRDA:39,17,0,2
BRDA:39,18,0,7
BRDA:39,19,0,4
BRDA:39,20,0,7
BRDA:39,21,0,0
BRDA:39,22,0,12
BRDA:39,23,0,11
BRDA:39,24,0,11
BRDA:39,25,0,0
BRDA:39,26,0,23
BRDA:39,27,0,0
BRDA:39,28,0,0
BRDA:39,29,0,0
BRDA:39,30,0,0
BRDA:39,31,0,11
BRDA:39,32,0,11
BRDA:39,33,0,7
BRDA:39,34,0,0
BRDA:39,35,0,0
BRDA:39,36,0,5
BRDA:39,37,0,0
BRDA:39,38,0,3
BRDA:39,39,0,4
BRDA:39,40,0,1
BRDA:39,41,0,0
BRDA:39,42,0,1
BRDA:39,43,0,0
BRDA:39,44,0,0
BRDA:39,45,0,0
BRDA:39,46,0,12
BRDA:39,47,0,10
BRDA:39,48,0,2
BRDA:39,49,0,12
BRDA:39,50,0,4
BRDA:39,51,0,2
BRDA:39,52,0,0
BRDA:39,53,0,1
BRDA:39,54,0,0
BRDA:13,55,0,1
BRDA:14,56,0,4
BRDA:21,57,0,4
BRDA:39,58,0,4
BRDA:39,59,0,12
BRDA:22,60,0,4
BRDA:39,61,0,4
BRDA:24,62,0,1
BRDA:26,63,0,3
BRDA:28,64,0,1
BRDA:30,65,0,2
BRDA:32,66,0,1
BRDA:39,67,0,1
BRDA:36,68,0,2
BRDA:39,69,0,2
BRF:70
BRH:50
end_of_record
TN:
SF:src/modules/videos/services/FindVideoService.ts
FN:41,__decorate
FN:41,__metadata
FN:41,__param
FN:41,__awaiter
FN:41,adopt
FN:41,fulfilled
FN:41,rejected
FN:41,step
FN:41,__generator
FN:41,sent
FN:41,g.<computed>
FN:41,verb
FN:41,step
FN:41,__importDefault
FN:10,FindVideoService
FN:18,FindVideoService.execute
FNF:16
FNH:14
FNDA:1,__decorate
FNDA:1,__metadata
FNDA:2,__param
FNDA:2,__awaiter
FNDA:4,adopt
FNDA:4,fulfilled
FNDA:0,rejected
FNDA:6,step
FNDA:2,__generator
FNDA:4,sent
FNDA:0,g.<computed>
FNDA:6,verb
FNDA:6,step
FNDA:1,__importDefault
FNDA:2,FindVideoService
FNDA:2,FindVideoService.execute
DA:1,1
DA:2,1
DA:3,1
DA:4,1
DA:5,1
DA:6,1
DA:7,1
DA:8,1
DA:9,1
DA:10,1
DA:11,2
DA:12,2
DA:13,2
DA:14,2
DA:15,2
DA:16,2
DA:17,1
DA:18,1
DA:19,2
DA:20,2
DA:21,2
DA:22,2
DA:23,2
DA:24,2
DA:25,2
DA:26,2
DA:27,2
DA:28,0
DA:29,0
DA:30,2
DA:31,2
DA:32,2
DA:33,2
DA:34,2
DA:35,2
DA:36,2
DA:37,2
DA:38,2
DA:39,1
DA:40,1
DA:41,1
LF:41
LH:39
BRDA:41,0,0,1
BRDA:41,1,0,1
BRDA:41,2,0,0
BRDA:41,3,0,0
BRDA:41,4,0,0
BRDA:41,5,0,0
BRDA:41,6,0,1
BRDA:41,7,0,2
BRDA:41,8,0,2
BRDA:41,9,0,2
BRDA:41,10,0,4
BRDA:41,11,0,0
BRDA:41,12,0,2
BRDA:41,13,0,4
BRDA:41,14,0,0
BRDA:41,15,0,6
BRDA:41,16,0,2
BRDA:41,17,0,4
BRDA:41,18,0,2
BRDA:41,19,0,4
BRDA:41,20,0,0
BRDA:41,21,0,6
BRDA:41,22,0,6
BRDA:41,23,0,6
BRDA:41,24,0,0
BRDA:41,25,0,12
BRDA:41,26,0,0
BRDA:41,27,0,0
BRDA:41,28,0,0
BRDA:41,29,0,0
BRDA:41,30,0,6
BRDA:41,31,0,6
BRDA:41,32,0,4
BRDA:41,33,0,0
BRDA:41,34,0,0
BRDA:41,35,0,2
BRDA:41,36,0,0
BRDA:41,37,0,0
BRDA:41,38,0,0
BRDA:41,39,0,0
BRDA:41,40,0,0
BRDA:41,41,0,6
BRDA:41,42,0,0
BRDA:41,43,0,6
BRDA:41,44,0,2
BRDA:41,45,0,0
BRDA:41,46,0,2
BRDA:41,47,0,0
BRDA:41,48,0,1
BRDA:41,49,0,0
BRDA:9,50,0,1
BRDA:10,51,0,2
BRDA:18,52,0,2
BRDA:41,53,0,2
BRDA:41,54,0,6
BRDA:41,55,0,2
BRDA:41,56,0,2
BRDA:27,57,0,0
BRDA:41,58,0,2
BRDA:31,59,0,2
BRF:60
BRH:36
end_of_record
TN:
SF:src/modules/videos/services/ListAllVideoFromUserService.ts
FN:37,__decorate
FN:37,__metadata
FN:37,__param
FN:37,__awaiter
FN:37,adopt
FN:37,fulfilled
FN:37,rejected
FN:37,step
FN:37,__generator
FN:37,sent
FN:37,g.<computed>
FN:37,verb
FN:37,step
FN:37,__importDefault
FN:9,ListAllVideosFromUserService
FN:19,ListAllVideosFromUserService.execute
FNF:16
FNH:14
FNDA:1,__decorate
FNDA:1,__metadata
FNDA:2,__param
FNDA:2,__awaiter
FNDA:2,adopt
FNDA:2,fulfilled
FNDA:0,rejected
FNDA:3,step
FNDA:2,__generator
FNDA:2,sent
FNDA:0,g.<computed>
FNDA:6,verb
FNDA:4,step
FNDA:1,__importDefault
FNDA:2,ListAllVideosFromUserService
FNDA:2,ListAllVideosFromUserService.execute
DA:1,1
DA:2,1
DA:3,1
DA:4,1
DA:5,1
DA:6,1
DA:7,1
DA:8,1
DA:9,1
DA:10,2
DA:11,2
DA:12,2
DA:13,2
DA:14,2
DA:15,2
DA:16,2
DA:17,1
DA:18,1
DA:19,1
DA:20,2
DA:21,2
DA:22,2
DA:23,2
DA:24,1
DA:25,1
DA:26,1
DA:27,1
DA:28,1
DA:29,1
DA:30,1
DA:31,2
DA:32,2
DA:33,1
DA:34,1
DA:35,1
DA:36,1
DA:37,1
LF:37
LH:37
BRDA:37,0,0,1
BRDA:37,1,0,1
BRDA:37,2,0,0
BRDA:37,3,0,0
BRDA:37,4,0,0
BRDA:37,5,0,0
BRDA:37,6,0,1
BRDA:37,7,0,2
BRDA:37,8,0,2
BRDA:37,9,0,2
BRDA:37,10,0,2
BRDA:37,11,0,0
BRDA:37,12,0,2
BRDA:37,13,0,2
BRDA:37,14,0,1
BRDA:37,15,0,3
BRDA:37,16,0,1
BRDA:37,17,0,2
BRDA:37,18,0,2
BRDA:37,19,0,2
BRDA:37,20,0,0
BRDA:37,21,0,6
BRDA:37,22,0,4
BRDA:37,23,0,4
BRDA:37,24,0,0
BRDA:37,25,0,8
BRDA:37,26,0,0
BRDA:37,27,0,0
BRDA:37,28,0,0
BRDA:37,29,0,0
BRDA:37,30,0,4
BRDA:37,31,0,4
BRDA:37,32,0,2
BRDA:37,33,0,0
BRDA:37,34,0,0
BRDA:37,35,0,2
BRDA:37,36,0,0
BRDA:37,37,0,1
BRDA:37,38,0,0
BRDA:37,39,0,0
BRDA:37,40,0,0
BRDA:37,41,0,0
BRDA:37,42,0,4
BRDA:37,43,0,3
BRDA:37,44,0,1
BRDA:37,45,0,4
BRDA:37,46,0,2
BRDA:37,47,0,1
BRDA:37,48,0,0
BRDA:37,49,0,1
BRDA:37,50,0,0
BRDA:8,51,0,1
BRDA:9,52,0,2
BRDA:19,53,0,2
BRDA:37,54,0,2
BRDA:37,55,0,4
BRDA:21,56,0,2
BRDA:37,57,0,2
BRDA:23,58,0,1
BRF:59
BRH:39
end_of_record
TN:
SF:src/modules/videos/services/ListVideoService.ts
FN:28,__decorate
FN:28,__metadata
FN:28,__param
FN:28,__awaiter
FN:28,adopt
FN:28,fulfilled
FN:28,rejected
FN:28,step
FN:28,__generator
FN:28,sent
FN:28,g.<computed>
FN:28,verb
FN:28,step
FN:11,ListVideoService
FN:16,ListVideoService.execute
FNF:15
FNH:13
FNDA:1,__decorate
FNDA:1,__metadata
FNDA:1,__param
FNDA:2,__awaiter
FNDA:2,adopt
FNDA:2,fulfilled
FNDA:0,rejected
FNDA:4,step
FNDA:2,__generator
FNDA:2,sent
FNDA:0,g.<computed>
FNDA:6,verb
FNDA:4,step
FNDA:2,ListVideoService
FNDA:2,ListVideoService.execute
DA:1,1
DA:2,1
DA:3,1
DA:4,1
DA:5,1
DA:6,1
DA:7,1
DA:8,1
DA:9,1
DA:10,1
DA:11,1
DA:12,2
DA:13,2
DA:14,2
DA:15,1
DA:16,1
DA:17,2
DA:18,2
DA:19,2
DA:20,2
DA:21,2
DA:22,2
DA:23,2
DA:24,2
DA:25,2
DA:26,2
DA:27,1
DA:28,1
LF:28
LH:28
BRDA:28,0,0,1
BRDA:28,1,0,1
BRDA:28,2,0,0
BRDA:28,3,0,0
BRDA:28,4,0,0
BRDA:28,5,0,0
BRDA:28,6,0,1
BRDA:28,7,0,1
BRDA:28,8,0,1
BRDA:28,9,0,2
BRDA:28,10,0,2
BRDA:28,11,0,0
BRDA:28,12,0,2
BRDA:28,13,0,2
BRDA:28,14,0,0
BRDA:28,15,0,4
BRDA:28,16,0,2
BRDA:28,17,0,2
BRDA:28,18,0,2
BRDA:28,19,0,2
BRDA:28,20,0,0
BRDA:28,21,0,6
BRDA:28,22,0,4
BRDA:28,23,0,4
BRDA:28,24,0,0
BRDA:28,25,0,8
BRDA:28,26,0,0
BRDA:28,27,0,0
BRDA:28,28,0,0
BRDA:28,29,0,0
BRDA:28,30,0,4
BRDA:28,31,0,4
BRDA:28,32,0,2
BRDA:28,33,0,0
BRDA:28,34,0,0
BRDA:28,35,0,2
BRDA:28,36,0,0
BRDA:28,37,0,0
BRDA:28,38,0,0
BRDA:28,39,0,0
BRDA:28,40,0,0
BRDA:28,41,0,4
BRDA:28,42,0,0
BRDA:28,43,0,4
BRDA:28,44,0,2
BRDA:28,45,0,0
BRDA:28,46,0,2
BRDA:28,47,0,0
BRDA:10,48,0,1
BRDA:11,49,0,2
BRDA:16,50,0,2
BRDA:28,51,0,2
BRDA:28,52,0,4
BRDA:28,53,0,2
BRDA:28,54,0,2
BRF:55
BRH:33
end_of_record
TN:
SF:src/modules/videos/services/ShowVideoService.ts
FN:32,__decorate
FN:32,__metadata
FN:32,__param
FN:32,__awaiter
FN:32,adopt
FN:32,fulfilled
FN:32,rejected
FN:32,step
FN:32,__generator
FN:32,sent
FN:32,g.<computed>
FN:32,verb
FN:32,step
FN:32,__importDefault
FN:12,ShowVideoService
FN:17,ShowVideoService.execute
FNF:16
FNH:14
FNDA:1,__decorate
FNDA:1,__metadata
FNDA:1,__param
FNDA:2,__awaiter
FNDA:3,adopt
FNDA:3,fulfilled
FNDA:0,rejected
FNDA:4,step
FNDA:2,__generator
FNDA:3,sent
FNDA:0,g.<computed>
FNDA:6,verb
FNDA:5,step
FNDA:1,__importDefault
FNDA:2,ShowVideoService
FNDA:2,ShowVideoService.execute
DA:1,1
DA:2,1
DA:3,1
DA:4,1
DA:5,1
DA:6,1
DA:7,1
DA:8,1
DA:9,1
DA:10,1
DA:11,1
DA:12,1
DA:13,2
DA:14,2
DA:15,2
DA:16,1
DA:17,1
DA:18,2
DA:19,2
DA:20,2
DA:21,1
DA:22,1
DA:23,1
DA:24,1
DA:25,1
DA:26,1
DA:27,2
DA:28,2
DA:29,2
DA:30,1
DA:31,1
DA:32,1
LF:32
LH:32
BRDA:32,0,0,1
BRDA:32,1,0,1
BRDA:32,2,0,0
BRDA:32,3,0,0
BRDA:32,4,0,0
BRDA:32,5,0,0
BRDA:32,6,0,1
BRDA:32,7,0,1
BRDA:32,8,0,1
BRDA:32,9,0,2
BRDA:32,10,0,3
BRDA:32,11,0,0
BRDA:32,12,0,2
BRDA:32,13,0,3
BRDA:32,14,0,2
BRDA:32,15,0,1
BRDA:32,16,0,4
BRDA:32,17,0,1
BRDA:32,18,0,3
BRDA:32,19,0,2
BRDA:32,20,0,3
BRDA:32,21,0,0
BRDA:32,22,0,6
BRDA:32,23,0,5
BRDA:32,24,0,5
BRDA:32,25,0,0
BRDA:32,26,0,10
BRDA:32,27,0,0
BRDA:32,28,0,0
BRDA:32,29,0,0
BRDA:32,30,0,0
BRDA:32,31,0,5
BRDA:32,32,0,5
BRDA:32,33,0,3
BRDA:32,34,0,0
BRDA:32,35,0,0
BRDA:32,36,0,2
BRDA:32,37,0,0
BRDA:32,38,0,1
BRDA:32,39,0,0
BRDA:32,40,0,0
BRDA:32,41,0,0
BRDA:32,42,0,0
BRDA:32,43,0,5
BRDA:32,44,0,4
BRDA:32,45,0,1
BRDA:32,46,0,5
BRDA:32,47,0,2
BRDA:32,48,0,1
BRDA:32,49,0,0
BRDA:32,50,0,1
BRDA:32,51,0,0
BRDA:11,52,0,1
BRDA:12,53,0,2
BRDA:17,54,0,2
BRDA:32,55,0,2
BRDA:32,56,0,5
BRDA:18,57,0,2
BRDA:32,58,0,2
BRDA:20,59,0,1
BRDA:32,60,0,1
BRF:61
BRH:41
end_of_record
TN:
SF:src/modules/videos/services/UpdateVideoService.ts
FN:52,__decorate
FN:52,__metadata
FN:52,__param
FN:52,__awaiter
FN:52,adopt
FN:52,fulfilled
FN:52,rejected
FN:52,step
FN:52,__generator
FN:52,sent
FN:52,g.<computed>
FN:52,verb
FN:52,step
FN:52,__importDefault
FN:17,UpdateVideoService
FN:25,UpdateVideoService.execute
FNF:16
FNH:14
FNDA:1,__decorate
FNDA:1,__metadata
FNDA:2,__param
FNDA:3,__awaiter
FNDA:5,adopt
FNDA:5,fulfilled
FNDA:0,rejected
FNDA:6,step
FNDA:3,__generator
FNDA:5,sent
FNDA:0,g.<computed>
FNDA:9,verb
FNDA:8,step
FNDA:1,__importDefault
FNDA:3,UpdateVideoService
FNDA:3,UpdateVideoService.execute
DA:1,1
DA:2,1
DA:3,1
DA:4,1
DA:5,1
DA:6,1
DA:7,1
DA:8,1
DA:9,1
DA:10,1
DA:11,1
DA:12,1
DA:13,1
DA:14,1
DA:15,1
DA:16,1
DA:17,1
DA:18,3
DA:19,3
DA:20,3
DA:21,3
DA:22,3
DA:23,3
DA:24,1
DA:25,1
DA:26,3
DA:27,3
DA:28,3
DA:29,3
DA:30,3
DA:31,3
DA:32,3
DA:33,3
DA:34,1
DA:35,1
DA:36,2
DA:37,3
DA:38,1
DA:39,1
DA:40,1
DA:41,1
DA:42,1
DA:43,1
DA:44,1
DA:45,3
DA:46,3
DA:47,3
DA:48,3
DA:49,3
DA:50,1
DA:51,1
DA:52,1
LF:52
LH:52
BRDA:52,0,0,1
BRDA:52,1,0,1
BRDA:52,2,0,0
BRDA:52,3,0,0
BRDA:52,4,0,0
BRDA:52,5,0,0
BRDA:52,6,0,1
BRDA:52,7,0,2
BRDA:52,8,0,2
BRDA:52,9,0,3
BRDA:52,10,0,5
BRDA:52,11,0,0
BRDA:52,12,0,3
BRDA:52,13,0,5
BRDA:52,14,0,3
BRDA:52,15,0,2
BRDA:52,16,0,6
BRDA:52,17,0,1
BRDA:52,18,0,5
BRDA:52,19,0,3
BRDA:52,20,0,5
BRDA:52,21,0,0
BRDA:52,22,0,9
BRDA:52,23,0,8
BRDA:52,24,0,8
BRDA:52,25,0,0
BRDA:52,26,0,16
BRDA:52,27,0,0
BRDA:52,28,0,0
BRDA:52,29,0,0
BRDA:52,30,0,0
BRDA:52,31,0,8
BRDA:52,32,0,8
BRDA:52,33,0,5
BRDA:52,34,0,0
BRDA:52,35,0,0
BRDA:52,36,0,3
BRDA:52,37,0,0
BRDA:52,38,0,1
BRDA:52,39,0,0
BRDA:52,40,0,0
BRDA:52,41,0,0
BRDA:52,42,0,0
BRDA:52,43,0,8
BRDA:52,44,0,6
BRDA:52,45,0,2
BRDA:52,46,0,8
BRDA:52,47,0,3
BRDA:52,48,0,2
BRDA:52,49,0,1
BRDA:52,50,0,0
BRDA:52,51,0,1
BRDA:52,52,0,0
BRDA:16,53,0,1
BRDA:17,54,0,3
BRDA:25,55,0,3
BRDA:52,56,0,3
BRDA:52,57,0,8
BRDA:31,58,0,3
BRDA:52,59,0,3
BRDA:33,60,0,1
BRDA:35,61,0,2
BRDA:37,62,0,1
BRDA:52,63,0,1
BRDA:52,64,0,1
BRF:65
BRH:45
end_of_record
TN:
SF:src/modules/videos/services/UploadThumbnailService.ts
FN:54,__decorate
FN:54,__metadata
FN:54,__param
FN:54,__awaiter
FN:54,adopt
FN:54,fulfilled
FN:54,rejected
FN:54,step
FN:54,__generator
FN:54,sent
FN:54,g.<computed>
FN:54,verb
FN:54,step
FN:54,__importDefault
FN:17,UploadThumbnailService
FN:24,UploadThumbnailService.execute
FNF:16
FNH:14
FNDA:1,__decorate
FNDA:1,__metadata
FNDA:2,__param
FNDA:5,__awaiter
FNDA:14,adopt
FNDA:14,fulfilled
FNDA:0,rejected
FNDA:17,step
FNDA:5,__generator
FNDA:14,sent
FNDA:0,g.<computed>
FNDA:15,verb
FNDA:19,step
FNDA:1,__importDefault
FNDA:4,UploadThumbnailService
FNDA:5,UploadThumbnailService.execute
DA:1,1
DA:2,1
DA:3,1
DA:4,1
DA:5,1
DA:6,1
DA:7,1
DA:8,1
DA:9,1
DA:10,1
DA:11,1
DA:12,1
DA:13,1
DA:14,1
DA:15,1
DA:16,1
DA:17,1
DA:18,4
DA:19,4
DA:20,4
DA:21,4
DA:22,4
DA:23,1
DA:24,1
DA:25,5
DA:26,5
DA:27,5
DA:28,5
DA:29,5
DA:30,5
DA:31,5
DA:32,1
DA:33,5
DA:34,5
DA:35,5
DA:36,5
DA:37,1
DA:38,5
DA:39,5
DA:40,5
DA:41,5
DA:42,5
DA:43,5
DA:44,1
DA:45,5
DA:46,5
DA:47,5
DA:48,5
DA:49,5
DA:50,5
DA:51,5
DA:52,5
DA:53,1
DA:54,1
LF:54
LH:54
BRDA:54,0,0,1
BRDA:54,1,0,1
BRDA:54,2,0,0
BRDA:54,3,0,0
BRDA:54,4,0,0
BRDA:54,5,0,0
BRDA:54,6,0,1
BRDA:54,7,0,2
BRDA:54,8,0,2
BRDA:54,9,0,5
BRDA:54,10,0,14
BRDA:54,11,0,0
BRDA:54,12,0,5
BRDA:54,13,0,14
BRDA:54,14,0,12
BRDA:54,15,0,2
BRDA:54,16,0,17
BRDA:54,17,0,3
BRDA:54,18,0,14
BRDA:54,19,0,5
BRDA:54,20,0,14
BRDA:54,21,0,0
BRDA:54,22,0,15
BRDA:54,23,0,19
BRDA:54,24,0,19
BRDA:54,25,0,0
BRDA:54,26,0,47
BRDA:54,27,0,0
BRDA:54,28,0,0
BRDA:54,29,0,0
BRDA:54,30,0,0
BRDA:54,31,0,19
BRDA:54,32,0,19
BRDA:54,33,0,14
BRDA:54,34,0,0
BRDA:54,35,0,0
BRDA:54,36,0,14
BRDA:54,37,0,0
BRDA:54,38,0,12
BRDA:54,39,0,5
BRDA:54,40,0,9
BRDA:54,41,0,0
BRDA:54,42,0,9
BRDA:54,43,0,0
BRDA:54,44,0,0
BRDA:54,45,0,0
BRDA:54,46,0,28
BRDA:54,47,0,26
BRDA:54,48,0,2
BRDA:54,49,0,28
BRDA:54,50,0,5
BRDA:54,51,0,2
BRDA:54,52,0,3
BRDA:54,53,0,0
BRDA:54,54,0,1
BRDA:54,55,0,0
BRDA:16,56,0,1
BRDA:17,57,0,4
BRDA:24,58,0,5
BRDA:54,59,0,5
BRDA:54,60,0,28
BRDA:29,61,0,5
BRDA:54,62,0,5
BRDA:31,63,0,4
BRDA:31,64,0,1
BRDA:54,65,0,1
BRDA:54,66,0,4
BRDA:36,67,0,3
BRDA:36,68,0,1
BRDA:54,69,0,1
BRDA:41,70,0,3
BRDA:54,71,0,3
BRDA:43,72,0,2
BRDA:43,73,0,1
BRDA:54,74,0,1
BRDA:54,75,0,3
BRDA:54,76,0,3
BRF:77
BRH:57
end_of_record
TN:
SF:src/modules/videos/services/UploadVideoService.ts
FN:50,__decorate
FN:50,__metadata
FN:50,__param
FN:50,__awaiter
FN:50,adopt
FN:50,fulfilled
FN:50,rejected
FN:50,step
FN:50,__generator
FN:50,sent
FN:50,g.<computed>
FN:50,verb
FN:50,step
FN:50,__importDefault
FN:17,UploadVideoService
FN:24,UploadVideoService.execute
FNF:16
FNH:14
FNDA:1,__decorate
FNDA:1,__metadata
FNDA:2,__param
FNDA:3,__awaiter
FNDA:7,adopt
FNDA:7,fulfilled
FNDA:0,rejected
FNDA:8,step
FNDA:3,__generator
FNDA:7,sent
FNDA:0,g.<computed>
FNDA:9,verb
FNDA:10,step
FNDA:1,__importDefault
FNDA:3,UploadVideoService
FNDA:3,UploadVideoService.execute
DA:1,1
DA:2,1
DA:3,1
DA:4,1
DA:5,1
DA:6,1
DA:7,1
DA:8,1
DA:9,1
DA:10,1
DA:11,1
DA:12,1
DA:13,1
DA:14,1
DA:15,1
DA:16,1
DA:17,1
DA:18,3
DA:19,3
DA:20,3
DA:21,3
DA:22,3
DA:23,1
DA:24,1
DA:25,3
DA:26,3
DA:27,3
DA:28,3
DA:29,3
DA:30,3
DA:31,3
DA:32,1
DA:33,3
DA:34,3
DA:35,3
DA:36,3
DA:37,1
DA:38,3
DA:39,3
DA:40,3
DA:41,3
DA:42,3
DA:43,3
DA:44,3
DA:45,3
DA:46,3
DA:47,3
DA:48,3
DA:49,1
DA:50,1
LF:50
LH:50
BRDA:50,0,0,1
BRDA:50,1,0,1
BRDA:50,2,0,0
BRDA:50,3,0,0
BRDA:50,4,0,0
BRDA:50,5,0,0
BRDA:50,6,0,1
BRDA:50,7,0,2
BRDA:50,8,0,2
BRDA:50,9,0,3
BRDA:50,10,0,7
BRDA:50,11,0,0
BRDA:50,12,0,3
BRDA:50,13,0,7
BRDA:50,14,0,5
BRDA:50,15,0,2
BRDA:50,16,0,8
BRDA:50,17,0,1
BRDA:50,18,0,7
BRDA:50,19,0,3
BRDA:50,20,0,7
BRDA:50,21,0,0
BRDA:50,22,0,9
BRDA:50,23,0,10
BRDA:50,24,0,10
BRDA:50,25,0,0
BRDA:50,26,0,23
BRDA:50,27,0,0
BRDA:50,28,0,0
BRDA:50,29,0,0
BRDA:50,30,0,0
BRDA:50,31,0,10
BRDA:50,32,0,10
BRDA:50,33,0,7
BRDA:50,34,0,0
BRDA:50,35,0,0
BRDA:50,36,0,6
BRDA:50,37,0,0
BRDA:50,38,0,4
BRDA:50,39,0,3
BRDA:50,40,0,0
BRDA:50,41,0,3
BRDA:50,42,0,0
BRDA:50,43,0,0
BRDA:50,44,0,0
BRDA:50,45,0,13
BRDA:50,46,0,11
BRDA:50,47,0,2
BRDA:50,48,0,13
BRDA:50,49,0,3
BRDA:50,50,0,2
BRDA:50,51,0,1
BRDA:50,52,0,0
BRDA:50,53,0,1
BRDA:50,54,0,0
BRDA:16,55,0,1
BRDA:17,56,0,3
BRDA:24,57,0,3
BRDA:50,58,0,3
BRDA:50,59,0,13
BRDA:29,60,0,3
BRDA:50,61,0,3
BRDA:31,62,0,2
BRDA:31,63,0,1
BRDA:50,64,0,1
BRDA:50,65,0,2
BRDA:36,66,0,1
BRDA:50,67,0,1
BRDA:41,68,0,1
BRDA:50,69,0,1
BRDA:50,70,0,1
BRF:71
BRH:51
end_of_record
